<?xml version="1.0" encoding="UTF-8"?>
<testng-results ignored="0" total="1" passed="1" failed="0" skipped="0">
  <reporter-output>
  </reporter-output>
  <suite started-at="2025-07-24T17:55:40 IST" name="Yitran" finished-at="2025-07-24T17:57:50 IST" duration-ms="130090">
    <groups>
      <group name="cucumber">
        <method signature="AbstractTestNGCucumberTests.runScenario(io.cucumber.testng.PickleWrapper,io.cucumber.testng.FeatureWrapper)[pri:0, instance:runner.InstallNICRunner@65d09a04]" name="runScenario" class="io.cucumber.testng.AbstractTestNGCucumberTests"/>
      </group> <!-- cucumber -->
    </groups>
    <test started-at="2025-07-24T17:55:40 IST" name="Yitran Survey App" finished-at="2025-07-24T17:57:50 IST" duration-ms="130090">
      <class name="runner.InstallNICRunner">
        <test-method is-config="true" signature="setUpClass(org.testng.ITestContext)[pri:0, instance:runner.InstallNICRunner@65d09a04]" started-at="2025-07-24T17:55:40 IST" name="setUpClass" finished-at="2025-07-24T17:55:41 IST" duration-ms="1063" status="PASS">
          <params>
            <param index="0">
              <value>
                <![CDATA[org.testng.TestRunner@6d4c18b8]]>
              </value>
            </param>
          </params>
          <reporter-output>
          </reporter-output>
        </test-method> <!-- setUpClass -->
        <test-method signature="runScenario(io.cucumber.testng.PickleWrapper,io.cucumber.testng.FeatureWrapper)[pri:0, instance:runner.InstallNICRunner@65d09a04]" started-at="2025-07-24T17:55:41 IST" name="runScenario" description="Runs Cucumber Scenarios" data-provider="scenarios" finished-at="2025-07-24T17:57:50 IST" duration-ms="128806" status="PASS">
          <params>
            <param index="0">
              <value>
                <![CDATA["Admin installs the NIC device"]]>
              </value>
            </param>
            <param index="1">
              <value>
                <![CDATA["NIC Installation"]]>
              </value>
            </param>
          </params>
          <reporter-output>
          </reporter-output>
        </test-method> <!-- runScenario -->
        <test-method is-config="true" signature="tearDownClass()[pri:0, instance:runner.InstallNICRunner@65d09a04]" started-at="2025-07-24T17:57:50 IST" name="tearDownClass" finished-at="2025-07-24T17:57:50 IST" duration-ms="137" status="PASS">
          <reporter-output>
          </reporter-output>
        </test-method> <!-- tearDownClass -->
      </class> <!-- runner.InstallNICRunner -->
    </test> <!-- Yitran Survey App -->
  </suite> <!-- Yitran -->
</testng-results>
